<?xml version="1.0" encoding="UTF-8"?>
<!-- Generated by org.testng.reporters.JUnitXMLReporter -->
<testsuite hostname="IN5CD7024P76" name="Default test" tests="4" failures="0" timestamp="10 Aug 2019 11:15:07 GMT" time="22.023" errors="0">
  <testcase name="validateRegpage" time="15.716" classname="com.vcentry.tnstc.testcases.RegPageTest"/>
  <testcase name="validateRegpage" time="1.216" classname="com.vcentry.tnstc.testcases.RegPageTest"/>
  <testcase name="validateRegpage" time="1.184" classname="com.vcentry.tnstc.testcases.RegPageTest"/>
  <testcase name="validateRegpage" time="1.368" classname="com.vcentry.tnstc.testcases.RegPageTest"/>
</testsuite> <!-- Default test -->
