<?xml version="1.0" encoding="UTF-8"?>
<testng-results skipped="0" failed="0" total="4" passed="4">
  <reporter-output>
  </reporter-output>
  <suite name="Default suite" duration-ms="22023" started-at="2019-08-10T11:14:45Z" finished-at="2019-08-10T11:15:07Z">
    <groups>
    </groups>
    <test name="Default test" duration-ms="22023" started-at="2019-08-10T11:14:45Z" finished-at="2019-08-10T11:15:07Z">
      <class name="com.vcentry.tnstc.testcases.RegPageTest">
        <test-method status="PASS" signature="validateRegpage(java.lang.String, java.lang.String, java.lang.String, java.lang.String, java.lang.String, java.lang.String)[pri:0, instance:com.vcentry.tnstc.testcases.RegPageTest@6e8dacdf]" name="validateRegpage" duration-ms="15716" started-at="2019-08-10T16:44:46Z" data-provider="RegPageTest" finished-at="2019-08-10T16:45:02Z">
          <params>
            <param index="0">
              <value>
                <![CDATA[RegPageTest_DataSet2]]>
              </value>
            </param>
            <param index="1">
              <value>
                <![CDATA[vcentrya]]>
              </value>
            </param>
            <param index="2">
              <value>
                <![CDATA[123]]>
              </value>
            </param>
            <param index="3">
              <value>
                <![CDATA[123]]>
              </value>
            </param>
            <param index="4">
              <value>
                <![CDATA[High school name?]]>
              </value>
            </param>
            <param index="5">
              <value>
                <![CDATA[Sedan]]>
              </value>
            </param>
          </params>
          <reporter-output>
          </reporter-output>
        </test-method> <!-- validateRegpage -->
        <test-method status="PASS" signature="teardown(org.testng.ITestResult)[pri:0, instance:com.vcentry.tnstc.testcases.RegPageTest@6e8dacdf]" name="teardown" is-config="true" duration-ms="536" started-at="2019-08-10T16:45:02Z" finished-at="2019-08-10T16:45:03Z">
          <params>
            <param index="0">
              <value>
                <![CDATA[[TestResult name=validateRegpage status=SUCCESS method=RegPageTest.validateRegpage(java.lang.String, java.lang.String, java.lang.String, java.lang.String, java.lang.String, java.lang.String)[pri:0, instance:com.vcentry.tnstc.testcases.RegPageTest@6e8dacdf] output={null}]]]>
              </value>
            </param>
          </params>
          <reporter-output>
          </reporter-output>
        </test-method> <!-- teardown -->
        <test-method status="PASS" signature="validateRegpage(java.lang.String, java.lang.String, java.lang.String, java.lang.String, java.lang.String, java.lang.String)[pri:0, instance:com.vcentry.tnstc.testcases.RegPageTest@6e8dacdf]" name="validateRegpage" duration-ms="1216" started-at="2019-08-10T16:45:03Z" data-provider="RegPageTest" finished-at="2019-08-10T16:45:04Z">
          <params>
            <param index="0">
              <value>
                <![CDATA[RegPageTest_DataSet3]]>
              </value>
            </param>
            <param index="1">
              <value>
                <![CDATA[vcentryb]]>
              </value>
            </param>
            <param index="2">
              <value>
                <![CDATA[123]]>
              </value>
            </param>
            <param index="3">
              <value>
                <![CDATA[123]]>
              </value>
            </param>
            <param index="4">
              <value>
                <![CDATA[High school name?]]>
              </value>
            </param>
            <param index="5">
              <value>
                <![CDATA[Sedan]]>
              </value>
            </param>
          </params>
          <reporter-output>
          </reporter-output>
        </test-method> <!-- validateRegpage -->
        <test-method status="PASS" signature="teardown(org.testng.ITestResult)[pri:0, instance:com.vcentry.tnstc.testcases.RegPageTest@6e8dacdf]" name="teardown" is-config="true" duration-ms="220" started-at="2019-08-10T16:45:04Z" finished-at="2019-08-10T16:45:04Z">
          <params>
            <param index="0">
              <value>
                <![CDATA[[TestResult name=validateRegpage status=SUCCESS method=RegPageTest.validateRegpage(java.lang.String, java.lang.String, java.lang.String, java.lang.String, java.lang.String, java.lang.String)[pri:0, instance:com.vcentry.tnstc.testcases.RegPageTest@6e8dacdf] output={null}]]]>
              </value>
            </param>
          </params>
          <reporter-output>
          </reporter-output>
        </test-method> <!-- teardown -->
        <test-method status="PASS" signature="validateRegpage(java.lang.String, java.lang.String, java.lang.String, java.lang.String, java.lang.String, java.lang.String)[pri:0, instance:com.vcentry.tnstc.testcases.RegPageTest@6e8dacdf]" name="validateRegpage" duration-ms="1184" started-at="2019-08-10T16:45:04Z" data-provider="RegPageTest" finished-at="2019-08-10T16:45:05Z">
          <params>
            <param index="0">
              <value>
                <![CDATA[RegPageTest_DataSet4]]>
              </value>
            </param>
            <param index="1">
              <value>
                <![CDATA[vcentryc]]>
              </value>
            </param>
            <param index="2">
              <value>
                <![CDATA[123]]>
              </value>
            </param>
            <param index="3">
              <value>
                <![CDATA[123]]>
              </value>
            </param>
            <param index="4">
              <value>
                <![CDATA[High school name?]]>
              </value>
            </param>
            <param index="5">
              <value>
                <![CDATA[Sedan]]>
              </value>
            </param>
          </params>
          <reporter-output>
          </reporter-output>
        </test-method> <!-- validateRegpage -->
        <test-method status="PASS" signature="teardown(org.testng.ITestResult)[pri:0, instance:com.vcentry.tnstc.testcases.RegPageTest@6e8dacdf]" name="teardown" is-config="true" duration-ms="182" started-at="2019-08-10T16:45:05Z" finished-at="2019-08-10T16:45:06Z">
          <params>
            <param index="0">
              <value>
                <![CDATA[[TestResult name=validateRegpage status=SUCCESS method=RegPageTest.validateRegpage(java.lang.String, java.lang.String, java.lang.String, java.lang.String, java.lang.String, java.lang.String)[pri:0, instance:com.vcentry.tnstc.testcases.RegPageTest@6e8dacdf] output={null}]]]>
              </value>
            </param>
          </params>
          <reporter-output>
          </reporter-output>
        </test-method> <!-- teardown -->
        <test-method status="PASS" signature="validateRegpage(java.lang.String, java.lang.String, java.lang.String, java.lang.String, java.lang.String, java.lang.String)[pri:0, instance:com.vcentry.tnstc.testcases.RegPageTest@6e8dacdf]" name="validateRegpage" duration-ms="1368" started-at="2019-08-10T16:45:06Z" data-provider="RegPageTest" finished-at="2019-08-10T16:45:07Z">
          <params>
            <param index="0">
              <value>
                <![CDATA[RegPageTest_DataSet5]]>
              </value>
            </param>
            <param index="1">
              <value>
                <![CDATA[vcentryd]]>
              </value>
            </param>
            <param index="2">
              <value>
                <![CDATA[123]]>
              </value>
            </param>
            <param index="3">
              <value>
                <![CDATA[123]]>
              </value>
            </param>
            <param index="4">
              <value>
                <![CDATA[High school name?]]>
              </value>
            </param>
            <param index="5">
              <value>
                <![CDATA[Sedan]]>
              </value>
            </param>
          </params>
          <reporter-output>
          </reporter-output>
        </test-method> <!-- validateRegpage -->
        <test-method status="PASS" signature="teardown(org.testng.ITestResult)[pri:0, instance:com.vcentry.tnstc.testcases.RegPageTest@6e8dacdf]" name="teardown" is-config="true" duration-ms="239" started-at="2019-08-10T16:45:07Z" finished-at="2019-08-10T16:45:07Z">
          <params>
            <param index="0">
              <value>
                <![CDATA[[TestResult name=validateRegpage status=SUCCESS method=RegPageTest.validateRegpage(java.lang.String, java.lang.String, java.lang.String, java.lang.String, java.lang.String, java.lang.String)[pri:0, instance:com.vcentry.tnstc.testcases.RegPageTest@6e8dacdf] output={null}]]]>
              </value>
            </param>
          </params>
          <reporter-output>
          </reporter-output>
        </test-method> <!-- teardown -->
      </class> <!-- com.vcentry.tnstc.testcases.RegPageTest -->
    </test> <!-- Default test -->
  </suite> <!-- Default suite -->
</testng-results>
